This file contains any messages produced by compilers while
running configure, to aid debugging if configure makes a mistake.

It was created by FULL-PACKAGE-NAME configure VERSION, which was
generated by GNU Autoconf 2.63.  Invocation command line was

  $ ./configure 

## --------- ##
## Platform. ##
## --------- ##

hostname = dbkreling
uname -m = x86_64
uname -r = 2.6.32-358.11.1.el6.x86_64
uname -s = Linux
uname -v = #1 SMP Wed May 15 10:48:38 EDT 2013

/usr/bin/uname -p = unknown
/bin/uname -X     = unknown

/bin/arch              = x86_64
/usr/bin/arch -k       = unknown
/usr/convex/getsysinfo = unknown
/usr/bin/hostinfo      = unknown
/bin/machine           = unknown
/usr/bin/oslevel       = unknown
/bin/universe          = unknown

PATH: /usr/lib64/qt-3.3/bin
PATH: /usr/local/bin
PATH: /usr/bin
PATH: /bin
PATH: /usr/local/sbin
PATH: /usr/sbin
PATH: /sbin
PATH: /opt/ibm/c4eb/bin
PATH: /usr/kerberos/bin
PATH: /opt/agns/bin
PATH: /home/dbkreling/bin
PATH: /opt/agns/bin


## ----------- ##
## Core tests. ##
## ----------- ##

configure:1831: checking for gcc
configure:1847: found /usr/bin/gcc
configure:1858: result: gcc
configure:2090: checking for C compiler version
configure:2098: gcc --version >&5
gcc (GCC) 4.4.7 20120313 (Red Hat 4.4.7-3)
Copyright (C) 2010 Free Software Foundation, Inc.
This is free software; see the source for copying conditions.  There is NO
warranty; not even for MERCHANTABILITY or FITNESS FOR A PARTICULAR PURPOSE.

configure:2102: $? = 0
configure:2109: gcc -v >&5
Using built-in specs.
Target: x86_64-redhat-linux
Configured with: ../configure --prefix=/usr --mandir=/usr/share/man --infodir=/usr/share/info --with-bugurl=http://bugzilla.redhat.com/bugzilla --enable-bootstrap --enable-shared --enable-threads=posix --enable-checking=release --with-system-zlib --enable-__cxa_atexit --disable-libunwind-exceptions --enable-gnu-unique-object --enable-languages=c,c++,objc,obj-c++,java,fortran,ada --enable-java-awt=gtk --disable-dssi --with-java-home=/usr/lib/jvm/java-1.5.0-gcj-1.5.0.0/jre --enable-libgcj-multifile --enable-java-maintainer-mode --with-ecj-jar=/usr/share/java/eclipse-ecj.jar --disable-libjava-multilib --with-ppl --with-cloog --with-tune=generic --with-arch_32=i686 --build=x86_64-redhat-linux
Thread model: posix
gcc version 4.4.7 20120313 (Red Hat 4.4.7-3) (GCC) 
configure:2113: $? = 0
configure:2120: gcc -V >&5
gcc: '-V' option must have argument
configure:2124: $? = 1
configure:2147: checking for C compiler default output file name
configure:2169: gcc    conftest.c  >&5
configure:2173: $? = 0
configure:2211: result: a.out
configure:2230: checking whether the C compiler works
configure:2240: ./a.out
configure:2244: $? = 0
configure:2263: result: yes
configure:2270: checking whether we are cross compiling
configure:2272: result: no
configure:2275: checking for suffix of executables
configure:2282: gcc -o conftest    conftest.c  >&5
configure:2286: $? = 0
configure:2312: result: 
configure:2318: checking for suffix of object files
configure:2344: gcc -c   conftest.c >&5
configure:2348: $? = 0
configure:2373: result: o
configure:2377: checking whether we are using the GNU C compiler
configure:2406: gcc -c   conftest.c >&5
configure:2413: $? = 0
configure:2430: result: yes
configure:2439: checking whether gcc accepts -g
configure:2469: gcc -c -g  conftest.c >&5
configure:2476: $? = 0
configure:2577: result: yes
configure:2594: checking for gcc option to accept ISO C89
configure:2668: gcc  -c -g -O2  conftest.c >&5
configure:2675: $? = 0
configure:2698: result: none needed
configure:2726: checking how to run the C preprocessor
configure:2766: gcc -E  conftest.c
configure:2773: $? = 0
configure:2804: gcc -E  conftest.c
conftest.c:8:28: error: ac_nonexistent.h: No such file or directory
configure:2811: $? = 1
configure: failed program was:
| /* confdefs.h.  */
| #define PACKAGE_NAME "FULL-PACKAGE-NAME"
| #define PACKAGE_TARNAME "full-package-name"
| #define PACKAGE_VERSION "VERSION"
| #define PACKAGE_STRING "FULL-PACKAGE-NAME VERSION"
| #define PACKAGE_BUGREPORT "BUG-REPORT-ADDRESS"
| /* end confdefs.h.  */
| #include <ac_nonexistent.h>
configure:2844: result: gcc -E
configure:2873: gcc -E  conftest.c
configure:2880: $? = 0
configure:2911: gcc -E  conftest.c
conftest.c:8:28: error: ac_nonexistent.h: No such file or directory
configure:2918: $? = 1
configure: failed program was:
| /* confdefs.h.  */
| #define PACKAGE_NAME "FULL-PACKAGE-NAME"
| #define PACKAGE_TARNAME "full-package-name"
| #define PACKAGE_VERSION "VERSION"
| #define PACKAGE_STRING "FULL-PACKAGE-NAME VERSION"
| #define PACKAGE_BUGREPORT "BUG-REPORT-ADDRESS"
| /* end confdefs.h.  */
| #include <ac_nonexistent.h>
configure:2958: checking for grep that handles long lines and -e
configure:3018: result: /bin/grep
configure:3023: checking for egrep
configure:3087: result: /bin/grep -E
configure:3092: checking for ANSI C header files
configure:3122: gcc -c -g -O2  conftest.c >&5
configure:3129: $? = 0
configure:3228: gcc -o conftest -g -O2   conftest.c  >&5
configure:3232: $? = 0
configure:3238: ./conftest
configure:3242: $? = 0
configure:3260: result: yes
configure:3284: checking for sys/types.h
configure:3305: gcc -c -g -O2  conftest.c >&5
configure:3312: $? = 0
configure:3329: result: yes
configure:3284: checking for sys/stat.h
configure:3305: gcc -c -g -O2  conftest.c >&5
configure:3312: $? = 0
configure:3329: result: yes
configure:3284: checking for stdlib.h
configure:3305: gcc -c -g -O2  conftest.c >&5
configure:3312: $? = 0
configure:3329: result: yes
configure:3284: checking for string.h
configure:3305: gcc -c -g -O2  conftest.c >&5
configure:3312: $? = 0
configure:3329: result: yes
configure:3284: checking for memory.h
configure:3305: gcc -c -g -O2  conftest.c >&5
configure:3312: $? = 0
configure:3329: result: yes
configure:3284: checking for strings.h
configure:3305: gcc -c -g -O2  conftest.c >&5
configure:3312: $? = 0
configure:3329: result: yes
configure:3284: checking for inttypes.h
configure:3305: gcc -c -g -O2  conftest.c >&5
configure:3312: $? = 0
configure:3329: result: yes
configure:3284: checking for stdint.h
configure:3305: gcc -c -g -O2  conftest.c >&5
configure:3312: $? = 0
configure:3329: result: yes
configure:3284: checking for unistd.h
configure:3305: gcc -c -g -O2  conftest.c >&5
configure:3312: $? = 0
configure:3329: result: yes
configure:3349: checking for stdlib.h
configure:3356: result: yes
configure:3349: checking for string.h
configure:3356: result: yes
configure:3504: checking for stdlib.h
configure:3511: result: yes
configure:3650: checking for GNU libc compatible malloc
configure:3684: gcc -o conftest -g -O2   conftest.c  >&5
configure:3688: $? = 0
configure:3694: ./conftest
configure:3698: $? = 0
configure:3715: result: yes
configure:3848: creating ./config.status

## ---------------------- ##
## Running config.status. ##
## ---------------------- ##

This file was extended by FULL-PACKAGE-NAME config.status VERSION, which was
generated by GNU Autoconf 2.63.  Invocation command line was

  CONFIG_FILES    = 
  CONFIG_HEADERS  = 
  CONFIG_LINKS    = 
  CONFIG_COMMANDS = 
  $ ./config.status 

on dbkreling

config.status:726: creating Makefile
config.status:726: creating src/Makefile
config.status:726: creating config.h
config.status:937: config.h is unchanged

## ---------------- ##
## Cache variables. ##
## ---------------- ##

ac_cv_c_compiler_gnu=yes
ac_cv_env_CC_set=
ac_cv_env_CC_value=
ac_cv_env_CFLAGS_set=
ac_cv_env_CFLAGS_value=
ac_cv_env_CPPFLAGS_set=
ac_cv_env_CPPFLAGS_value=
ac_cv_env_CPP_set=
ac_cv_env_CPP_value=
ac_cv_env_LDFLAGS_set=
ac_cv_env_LDFLAGS_value=
ac_cv_env_LIBS_set=
ac_cv_env_LIBS_value=
ac_cv_env_build_alias_set=
ac_cv_env_build_alias_value=
ac_cv_env_host_alias_set=
ac_cv_env_host_alias_value=
ac_cv_env_target_alias_set=
ac_cv_env_target_alias_value=
ac_cv_func_malloc_0_nonnull=yes
ac_cv_header_inttypes_h=yes
ac_cv_header_memory_h=yes
ac_cv_header_stdc=yes
ac_cv_header_stdint_h=yes
ac_cv_header_stdlib_h=yes
ac_cv_header_string_h=yes
ac_cv_header_strings_h=yes
ac_cv_header_sys_stat_h=yes
ac_cv_header_sys_types_h=yes
ac_cv_header_unistd_h=yes
ac_cv_objext=o
ac_cv_path_EGREP='/bin/grep -E'
ac_cv_path_GREP=/bin/grep
ac_cv_prog_CPP='gcc -E'
ac_cv_prog_ac_ct_CC=gcc
ac_cv_prog_cc_c89=
ac_cv_prog_cc_g=yes

## ----------------- ##
## Output variables. ##
## ----------------- ##

CC='gcc'
CFLAGS='-g -O2'
CPP='gcc -E'
CPPFLAGS=''
DEFS='-DHAVE_CONFIG_H'
ECHO_C=''
ECHO_N='-n'
ECHO_T=''
EGREP='/bin/grep -E'
EXEEXT=''
GREP='/bin/grep'
LDFLAGS=''
LIBOBJS=''
LIBS=''
LTLIBOBJS=''
OBJEXT='o'
PACKAGE_BUGREPORT='BUG-REPORT-ADDRESS'
PACKAGE_NAME='FULL-PACKAGE-NAME'
PACKAGE_STRING='FULL-PACKAGE-NAME VERSION'
PACKAGE_TARNAME='full-package-name'
PACKAGE_VERSION='VERSION'
PATH_SEPARATOR=':'
SHELL='/bin/sh'
ac_ct_CC='gcc'
bindir='${exec_prefix}/bin'
build_alias=''
datadir='${datarootdir}'
datarootdir='${prefix}/share'
docdir='${datarootdir}/doc/${PACKAGE_TARNAME}'
dvidir='${docdir}'
exec_prefix='${prefix}'
host_alias=''
htmldir='${docdir}'
includedir='${prefix}/include'
infodir='${datarootdir}/info'
libdir='${exec_prefix}/lib'
libexecdir='${exec_prefix}/libexec'
localedir='${datarootdir}/locale'
localstatedir='${prefix}/var'
mandir='${datarootdir}/man'
oldincludedir='/usr/include'
pdfdir='${docdir}'
prefix='/usr/local'
program_transform_name='s,x,x,'
psdir='${docdir}'
sbindir='${exec_prefix}/sbin'
sharedstatedir='${prefix}/com'
sysconfdir='${prefix}/etc'
target_alias=''

## ----------- ##
## confdefs.h. ##
## ----------- ##

#define PACKAGE_NAME "FULL-PACKAGE-NAME"
#define PACKAGE_TARNAME "full-package-name"
#define PACKAGE_VERSION "VERSION"
#define PACKAGE_STRING "FULL-PACKAGE-NAME VERSION"
#define PACKAGE_BUGREPORT "BUG-REPORT-ADDRESS"
#define STDC_HEADERS 1
#define HAVE_SYS_TYPES_H 1
#define HAVE_SYS_STAT_H 1
#define HAVE_STDLIB_H 1
#define HAVE_STRING_H 1
#define HAVE_MEMORY_H 1
#define HAVE_STRINGS_H 1
#define HAVE_INTTYPES_H 1
#define HAVE_STDINT_H 1
#define HAVE_UNISTD_H 1
#define HAVE_STDLIB_H 1
#define HAVE_STRING_H 1
#define HAVE_STDLIB_H 1
#define HAVE_MALLOC 1

configure: exit 0
